<?xml version="1.0" encoding="UTF-8"?>
<testsuites tests="3" failures="0" disabled="3" errors="0" time="0" timestamp="2021-09-25T13:05:23.953" name="AllTests">
  <testsuite name="RecoveryTest" tests="3" failures="0" disabled="3" skipped="0" errors="0" time="0" timestamp="1970-01-01T00:00:00.000">
    <testcase name="DISABLED_RedoTest" status="notrun" result="suppressed" time="0" timestamp="1970-01-01T00:00:00.000" classname="RecoveryTest" />
    <testcase name="DISABLED_UndoTest" status="notrun" result="suppressed" time="0" timestamp="1970-01-01T00:00:00.000" classname="RecoveryTest" />
    <testcase name="DISABLED_CheckpointTest" status="notrun" result="suppressed" time="0" timestamp="1970-01-01T00:00:00.000" classname="RecoveryTest" />
  </testsuite>
</testsuites>
